BSPC version 2.1h, May  6 2001 16:15:03 by Mr Elusive
bsp2map: Z:\home\danni\Games\QuakeDev\working\opposesmall\oppose2.bsp to oppose2.map
allocated 10 MB and 601 KB and 930 bytes of BSP memory
-- Q1_LoadMapFromBSP --
brush size: -3792, -288,-1680 to  3040, 3200,  224
Q1_SplitBrush: no split winding
Q1_CreateBrushes_r: WARNING node not splitting brush
Q1_SplitBrush: tiny volume after clip
Q1_CreateBrushes_r: WARNING node not splitting brush
Q1_SplitBrush: tiny volume after clip
Q1_CreateBrushes_r: WARNING node not splitting brush
Q1_SplitBrush: tiny volume after clip
Q1_CreateBrushes_r: WARNING node not splitting brush
Q1_SplitBrush: tiny volume after clip
Q1_CreateBrushes_r: WARNING node not splitting brush
Q1_SplitBrush: tiny volume after clip
Q1_CreateBrushes_r: WARNING node not splitting brush
Q1_SplitBrushWithFace: no new brush
brush 656: no real texture splitQ1_SplitBrushWithFace: no new brush
brush 1928: no real texture splitfreed 10 MB and 601 KB and 930 bytes of BSP memory
writing oppose2.map
written 2696 brushes
map file written in     0 seconds
BSPC run time is     1 seconds
