---- light / ericw-tools v0.18.1 ----
extra 4x4 sampling enabled
Raytracing backend: Embree
running with 8 threads
LoadBSPFile: '/home/danni/Games/QuakeDev/working/stag3/stag3-compile.bsp'
BSP is version 29
--- LoadEntities ---
WARNING: entity at (-608 720 -3040) (info_tfgoal) has unmatched "target" (cap1)
WARNING: entity at (432 1376 -3040) (info_tfgoal) has unmatched "target" (cap2)
170 entities read, 99 are lights.
--- OptionsSummary ---
    "sunlight" was set to "0.000000" from map
Embree_TraceInit: Embree version: 2.15.0
Embree_TraceInit:
	56 sky faces
	3916 solid faces
	0 filtered faces
	0 shadow-casting skip faces
SetupLights: 99 initial lights
SetupLights: 99 after surface lights
SetupLights: 99 after jittering
WARNING: couldn't nudge light in solid at -608.000000 704.000000 -3168.000000
--- EstimateLightVisibility ---
0....1....2....3....4....5....6....7....8....9....
Final count: 99 lights 0 suns in use.
--- LightWorld ---
0....1....2....3....4....5....6....7....8....9....
Lighting Completed.

lightdatasize: 289859
0 switchable light styles (32 max)
Writing /home/danni/Games/QuakeDev/working/stag3/stag3-compile.bsp as BSP version 29
0.936 seconds elapsed

stats:
2.557875 lights tested, 1.238340 hits per sample point
0.000000 bounce lights tested, 0.000000 hits per sample point
0 empty lightmaps
