---- light / ericw-tools v0.18.1 ----
Raytracing backend: Embree
running with 8 threads
LoadBSPFile: './well6small.bsp'
BSP is version 29
--- LoadEntities ---
WARNING: brush entity with mins (-949.00 787.00 -645) maxs (-843.00 903.00 -643) (func_door) has targetname "blue_grate" which is not targetted by anything.
99 entities read, 4 are lights.
--- OptionsSummary ---
Embree_TraceInit: Embree version: 2.15.0
Embree_TraceInit:
	1298 sky faces
	14264 solid faces
	0 filtered faces
	0 shadow-casting skip faces
SetupLights: 4 initial lights
SetupLights: 4 after surface lights
SetupLights: 4 after jittering
--- EstimateLightVisibility ---
0....1....2....3....4....5....6....7..
Final count: 4 lights 0 suns in use.
--- LightWorld ---
0....1....2....3....4....5....6....7....8....9....
Lighting Completed.

lightdatasize: 2368
0 switchable light styles (32 max)
Writing ./well6small.bsp as BSP version 29
0.540 seconds elapsed

stats:
0.007439 lights tested, 0.000790 hits per sample point
0.000000 bounce lights tested, 0.000000 hits per sample point
0 empty lightmaps
